<?xml version="1.0" encoding="UTF-8"?>
<testng-results ignored="0" total="1" passed="1" failed="0" skipped="0">
  <reporter-output>
  </reporter-output>
  <suite started-at="2024-02-14T17:54:39 IST" name="Default suite" finished-at="2024-02-14T17:54:47 IST" duration-ms="7909">
    <groups>
    </groups>
    <test started-at="2024-02-14T17:54:39 IST" name="Default test" finished-at="2024-02-14T17:54:47 IST" duration-ms="7909">
      <class name="testpkg.etsytest">
        <test-method is-config="true" signature="test()[pri:0, instance:testpkg.etsytest@1af7f54a]" started-at="2024-02-14T17:54:39 IST" name="test" finished-at="2024-02-14T17:54:47 IST" duration-ms="7710" status="PASS">
          <reporter-output>
          </reporter-output>
        </test-method> <!-- test -->
        <test-method signature="testing()[pri:0, instance:testpkg.etsytest@1af7f54a]" started-at="2024-02-14T17:54:47 IST" name="testing" finished-at="2024-02-14T17:54:47 IST" duration-ms="86" status="PASS">
          <reporter-output>
          </reporter-output>
        </test-method> <!-- testing -->
      </class> <!-- testpkg.etsytest -->
    </test> <!-- Default test -->
  </suite> <!-- Default suite -->
</testng-results>
